
> 2004scape@2.1.0 dev
> tsx watch --clear-screen=false --include "src/*" src/app.ts

Updating hiscores cache...
Hiscores cache updated with 2 players
8/5/2025 2:31:58 PM	 DEBUG	 Checking for compiler update
8/5/2025 2:31:59 PM	 DEBUG	 Compiler is up to date
8/5/2025 2:31:59 PM	 INFO	 XP Rate set to 1x from database
8/5/2025 2:31:59 PM	 INFO	 Drop Rate setting loaded: 1x (not yet implemented)
8/5/2025 2:31:59 PM	 INFO	 Starting world
8/5/2025 2:31:59 PM	 DEBUG	 Loading game map
8/5/2025 2:32:00 PM	 INFO	 World ready: Visit http://localhost:8888/rs2.cgi
Packing server cache (1/2)
Compiling server scripts
Packed server cache (1/2)
Packing client cache (2/2)
Packed client cache (2/2)
Updating hiscores cache...
Hiscores cache updated with 2 players
Updating hiscores cache...
Hiscores cache updated with 2 players
Updating hiscores cache...
Hiscores cache updated with 2 players
8/5/2025 2:35:10 PM	 INFO	 Server shutdown complete
