
> 2004scape@1.0.0 dev
> tsx watch --clear-screen=false --include "src/*" src/app.ts

Updating hiscores cache...
Hiscores cache updated with 5 players
8/5/2025 2:39:55 AM	 DEBUG	 Checking for compiler update
8/5/2025 2:39:56 AM	 DEBUG	 Compiler is up to date
8/5/2025 2:39:56 AM	 INFO	 XP Rate set to 10x from database
8/5/2025 2:39:56 AM	 INFO	 Drop Rate setting loaded: 10x (not yet implemented)
8/5/2025 2:39:56 AM	 INFO	 Max players set to 2000 from database
8/5/2025 2:39:56 AM	 INFO	 Starting gold set to 20999 from database
8/5/2025 2:39:56 AM	 INFO	 Shop prices set to normal from database
8/5/2025 2:39:56 AM	 INFO	 Registration enabled from database
8/5/2025 2:39:56 AM	 INFO	 Starting world
8/5/2025 2:39:56 AM	 DEBUG	 Loading game map
8/5/2025 2:39:57 AM	 INFO	 World ready: Visit http://localhost:8888/rs2.cgi
Packing server cache (1/2)
Compiling server scripts
Packed server cache (1/2)
Packing client cache (2/2)
Packed client cache (2/2)
Updating hiscores cache...
Hiscores cache updated with 5 players
Updating hiscores cache...
Hiscores cache updated with 5 players
Updating hiscores cache...
Hiscores cache updated with 5 players
Updating hiscores cache...
Hiscores cache updated with 5 players
Updating hiscores cache...
Hiscores cache updated with 5 players
2:45:44 AM [tsx] change in ./src/website/server.ts Restarting...
8/5/2025 2:45:44 AM	 INFO	 Server shutdown complete
Updating hiscores cache...
Hiscores cache updated with 5 players
8/5/2025 2:45:45 AM	 DEBUG	 Checking for compiler update
8/5/2025 2:45:46 AM	 DEBUG	 Compiler is up to date
8/5/2025 2:45:46 AM	 INFO	 XP Rate set to 10x from database
8/5/2025 2:45:46 AM	 INFO	 Drop Rate setting loaded: 10x (not yet implemented)
8/5/2025 2:45:46 AM	 INFO	 Max players set to 2000 from database
8/5/2025 2:45:46 AM	 INFO	 Starting gold set to 20999 from database
8/5/2025 2:45:46 AM	 INFO	 Shop prices set to normal from database
8/5/2025 2:45:46 AM	 INFO	 Registration enabled from database
8/5/2025 2:45:46 AM	 INFO	 Starting world
8/5/2025 2:45:46 AM	 DEBUG	 Loading game map
8/5/2025 2:45:47 AM	 INFO	 World ready: Visit http://localhost:8888/rs2.cgi
Packing server cache (1/2)
Compiling server scripts
Packed server cache (1/2)
Packing client cache (2/2)
Packed client cache (2/2)
Updating hiscores cache...
Hiscores cache updated with 5 players
Updating hiscores cache...
Hiscores cache updated with 5 players
Updating hiscores cache...
Hiscores cache updated with 5 players
Updating hiscores cache...
Hiscores cache updated with 5 players
2:50:10 AM [tsx] change in ./src/web.ts Restarting...
8/5/2025 2:50:10 AM	 INFO	 Server shutdown complete
Updating hiscores cache...
Hiscores cache updated with 5 players
8/5/2025 2:50:12 AM	 DEBUG	 Checking for compiler update
8/5/2025 2:50:12 AM	 DEBUG	 Compiler is up to date
8/5/2025 2:50:12 AM	 INFO	 XP Rate set to 10x from database
8/5/2025 2:50:12 AM	 INFO	 Drop Rate setting loaded: 10x (not yet implemented)
8/5/2025 2:50:12 AM	 INFO	 Max players set to 2000 from database
8/5/2025 2:50:12 AM	 INFO	 Starting gold set to 20999 from database
8/5/2025 2:50:12 AM	 INFO	 Shop prices set to normal from database
8/5/2025 2:50:12 AM	 INFO	 Registration enabled from database
8/5/2025 2:50:12 AM	 INFO	 Starting world
8/5/2025 2:50:12 AM	 DEBUG	 Loading game map
8/5/2025 2:50:14 AM	 INFO	 World ready: Visit http://localhost:8888/rs2.cgi
Packing server cache (1/2)
Compiling server scripts
Packed server cache (1/2)
Packing client cache (2/2)
Packed client cache (2/2)
Updating hiscores cache...
Hiscores cache updated with 5 players
Updating hiscores cache...
Hiscores cache updated with 5 players
Updating hiscores cache...
Hiscores cache updated with 5 players
Updating hiscores cache...
Hiscores cache updated with 5 players
Updating hiscores cache...
Hiscores cache updated with 5 players
Updating hiscores cache...
Hiscores cache updated with 5 players
Updating hiscores cache...
Hiscores cache updated with 5 players
2:57:33 AM [tsx] change in ./src/website/server.ts Restarting...
8/5/2025 2:57:34 AM	 INFO	 Server shutdown complete
Updating hiscores cache...
Hiscores cache updated with 5 players
8/5/2025 2:57:35 AM	 DEBUG	 Checking for compiler update
8/5/2025 2:57:37 AM	 DEBUG	 Compiler is up to date
8/5/2025 2:57:37 AM	 INFO	 XP Rate set to 10x from database
8/5/2025 2:57:37 AM	 INFO	 Drop Rate setting loaded: 10x (not yet implemented)
8/5/2025 2:57:37 AM	 INFO	 Max players set to 2000 from database
8/5/2025 2:57:37 AM	 INFO	 Starting gold set to 20999 from database
8/5/2025 2:57:37 AM	 INFO	 Shop prices set to normal from database
8/5/2025 2:57:37 AM	 INFO	 Registration enabled from database
8/5/2025 2:57:37 AM	 INFO	 Starting world
8/5/2025 2:57:38 AM	 DEBUG	 Loading game map
8/5/2025 2:57:39 AM	 INFO	 World ready: Visit http://localhost:8888/rs2.cgi
Packing server cache (1/2)
Compiling server scripts
Packed server cache (1/2)
Packing client cache (2/2)
Packed client cache (2/2)
Updating hiscores cache...
Hiscores cache updated with 5 players
Updating hiscores cache...
Hiscores cache updated with 5 players
Updating hiscores cache...
Hiscores cache updated with 5 players
Updating hiscores cache...
Hiscores cache updated with 5 players
Updating hiscores cache...
Hiscores cache updated with 5 players
3:03:18 AM [tsx] change in ./src/website/server.ts Restarting...
8/5/2025 3:03:19 AM	 INFO	 Server shutdown complete
Updating hiscores cache...
Hiscores cache updated with 5 players
8/5/2025 3:03:20 AM	 DEBUG	 Checking for compiler update
8/5/2025 3:03:21 AM	 DEBUG	 Compiler is up to date
8/5/2025 3:03:21 AM	 INFO	 XP Rate set to 10x from database
8/5/2025 3:03:21 AM	 INFO	 Drop Rate setting loaded: 10x (not yet implemented)
8/5/2025 3:03:21 AM	 INFO	 Max players set to 2000 from database
8/5/2025 3:03:21 AM	 INFO	 Starting gold set to 20999 from database
8/5/2025 3:03:21 AM	 INFO	 Shop prices set to normal from database
8/5/2025 3:03:21 AM	 INFO	 Registration enabled from database
8/5/2025 3:03:21 AM	 INFO	 Starting world
8/5/2025 3:03:21 AM	 DEBUG	 Loading game map
8/5/2025 3:03:22 AM	 INFO	 World ready: Visit http://localhost:8888/rs2.cgi
Packing server cache (1/2)
Compiling server scripts
Packed server cache (1/2)
Packing client cache (2/2)
Packed client cache (2/2)
Updating hiscores cache...
Hiscores cache updated with 5 players
Updating hiscores cache...
Hiscores cache updated with 5 players
3:05:21 AM [tsx] change in ./src/website/server.ts Restarting...
8/5/2025 3:05:21 AM	 INFO	 Server shutdown complete
Updating hiscores cache...
Hiscores cache updated with 5 players
8/5/2025 3:05:23 AM	 DEBUG	 Checking for compiler update
8/5/2025 3:05:23 AM	 DEBUG	 Compiler is up to date
8/5/2025 3:05:23 AM	 INFO	 XP Rate set to 10x from database
8/5/2025 3:05:23 AM	 INFO	 Drop Rate setting loaded: 10x (not yet implemented)
8/5/2025 3:05:23 AM	 INFO	 Max players set to 2000 from database
8/5/2025 3:05:23 AM	 INFO	 Starting gold set to 20999 from database
8/5/2025 3:05:23 AM	 INFO	 Shop prices set to normal from database
8/5/2025 3:05:23 AM	 INFO	 Registration enabled from database
8/5/2025 3:05:23 AM	 INFO	 Starting world
8/5/2025 3:05:23 AM	 DEBUG	 Loading game map
8/5/2025 3:05:25 AM	 INFO	 World ready: Visit http://localhost:8888/rs2.cgi
Packing server cache (1/2)
Compiling server scripts
Packed server cache (1/2)
Packing client cache (2/2)
Packed client cache (2/2)
3:05:58 AM [tsx] change in ./src/website/server.ts Restarting...
8/5/2025 3:05:58 AM	 INFO	 Server shutdown complete

node:internal/modules/run_main:123
    triggerUncaughtException(
    ^
Error [TransformError]: Transform failed with 2 errors:
/home/crucifix/2004scape-server/src/website/server.ts:656:14: ERROR: The symbol "settings" has already been declared
/home/crucifix/2004scape-server/src/website/server.ts:667:27: ERROR: "await" can only be used inside an "async" function
    at failureErrorWithLog (/home/crucifix/2004scape-server/node_modules/esbuild/lib/main.js:1467:15)
    at /home/crucifix/2004scape-server/node_modules/esbuild/lib/main.js:736:50
    at responseCallbacks.<computed> (/home/crucifix/2004scape-server/node_modules/esbuild/lib/main.js:603:9)
    at handleIncomingPacket (/home/crucifix/2004scape-server/node_modules/esbuild/lib/main.js:658:12)
    at Socket.readFromStdout (/home/crucifix/2004scape-server/node_modules/esbuild/lib/main.js:581:7)
    at Socket.emit (node:events:524:28)
    at addChunk (node:internal/streams/readable:561:12)
    at readableAddChunkPushByteMode (node:internal/streams/readable:512:3)
    at Readable.push (node:internal/streams/readable:392:5)
    at Pipe.onStreamRead (node:internal/stream_base_commons:191:23)

Node.js v20.19.4
3:06:15 AM [tsx] change in ./src/website/server.ts Rerunning...

node:internal/modules/run_main:123
    triggerUncaughtException(
    ^
Error [TransformError]: Transform failed with 1 error:
/home/crucifix/2004scape-server/src/website/server.ts:656:14: ERROR: The symbol "settings" has already been declared
    at failureErrorWithLog (/home/crucifix/2004scape-server/node_modules/esbuild/lib/main.js:1467:15)
    at /home/crucifix/2004scape-server/node_modules/esbuild/lib/main.js:736:50
    at responseCallbacks.<computed> (/home/crucifix/2004scape-server/node_modules/esbuild/lib/main.js:603:9)
    at handleIncomingPacket (/home/crucifix/2004scape-server/node_modules/esbuild/lib/main.js:658:12)
    at Socket.readFromStdout (/home/crucifix/2004scape-server/node_modules/esbuild/lib/main.js:581:7)
    at Socket.emit (node:events:524:28)
    at addChunk (node:internal/streams/readable:561:12)
    at readableAddChunkPushByteMode (node:internal/streams/readable:512:3)
    at Readable.push (node:internal/streams/readable:392:5)
    at Pipe.onStreamRead (node:internal/stream_base_commons:191:23)

Node.js v20.19.4
3:08:00 AM [tsx] change in ./src/website/server.ts Rerunning...
Updating hiscores cache...
Hiscores cache updated with 5 players
8/5/2025 3:08:01 AM	 DEBUG	 Checking for compiler update
8/5/2025 3:08:02 AM	 DEBUG	 Compiler is up to date
8/5/2025 3:08:02 AM	 INFO	 XP Rate set to 10x from database
8/5/2025 3:08:02 AM	 INFO	 Drop Rate setting loaded: 10x (not yet implemented)
8/5/2025 3:08:02 AM	 INFO	 Max players set to 2000 from database
8/5/2025 3:08:02 AM	 INFO	 Starting gold set to 20999 from database
8/5/2025 3:08:02 AM	 INFO	 Shop prices set to normal from database
8/5/2025 3:08:02 AM	 INFO	 Registration enabled from database
8/5/2025 3:08:02 AM	 INFO	 Starting world
8/5/2025 3:08:02 AM	 DEBUG	 Loading game map
8/5/2025 3:08:03 AM	 INFO	 World ready: Visit http://localhost:8888/rs2.cgi
Packing server cache (1/2)
Compiling server scripts
Packed server cache (1/2)
Packing client cache (2/2)
Packed client cache (2/2)
Updating hiscores cache...
Hiscores cache updated with 5 players
Packing server cache (1/2)
Compiling server scripts
Packed server cache (1/2)
Packing client cache (2/2)
Packed client cache (2/2)
Updating hiscores cache...
Hiscores cache updated with 5 players
Updating hiscores cache...
Hiscores cache updated with 5 players
Updating hiscores cache...
Hiscores cache updated with 5 players
Updating hiscores cache...
Hiscores cache updated with 5 players
Updating hiscores cache...
Hiscores cache updated with 5 players
Updating hiscores cache...
Hiscores cache updated with 5 players
Updating hiscores cache...
Hiscores cache updated with 5 players
Updating hiscores cache...
Hiscores cache updated with 5 players
Updating hiscores cache...
Hiscores cache updated with 5 players
Updating hiscores cache...
Hiscores cache updated with 5 players
Updating hiscores cache...
Hiscores cache updated with 5 players
Updating hiscores cache...
Hiscores cache updated with 5 players
Updating hiscores cache...
Hiscores cache updated with 5 players
Updating hiscores cache...
Hiscores cache updated with 5 players
Updating hiscores cache...
Hiscores cache updated with 5 players
Updating hiscores cache...
Hiscores cache updated with 5 players
Updating hiscores cache...
Hiscores cache updated with 5 players
Updating hiscores cache...
Hiscores cache updated with 5 players
Updating hiscores cache...
Hiscores cache updated with 5 players
Updating hiscores cache...
Hiscores cache updated with 5 players
Updating hiscores cache...
Hiscores cache updated with 5 players
Updating hiscores cache...
Hiscores cache updated with 5 players
Updating hiscores cache...
Hiscores cache updated with 5 players
Updating hiscores cache...
Hiscores cache updated with 5 players
Updating hiscores cache...
Hiscores cache updated with 5 players
Updating hiscores cache...
Hiscores cache updated with 5 players
Updating hiscores cache...
Hiscores cache updated with 5 players
Updating hiscores cache...
Hiscores cache updated with 5 players
Updating hiscores cache...
Hiscores cache updated with 5 players
Updating hiscores cache...
Hiscores cache updated with 5 players
Updating hiscores cache...
Hiscores cache updated with 5 players
Updating hiscores cache...
Hiscores cache updated with 5 players
Updating hiscores cache...
Hiscores cache updated with 5 players
Updating hiscores cache...
Hiscores cache updated with 5 players
Updating hiscores cache...
Hiscores cache updated with 5 players
Updating hiscores cache...
Hiscores cache updated with 5 players
Updating hiscores cache...
Hiscores cache updated with 5 players
Updating hiscores cache...
Hiscores cache updated with 5 players
Updating hiscores cache...
Hiscores cache updated with 5 players
Updating hiscores cache...
Hiscores cache updated with 5 players
Updating hiscores cache...
Hiscores cache updated with 5 players
Updating hiscores cache...
Hiscores cache updated with 5 players
Updating hiscores cache...
Hiscores cache updated with 5 players
Updating hiscores cache...
Hiscores cache updated with 5 players
Updating hiscores cache...
Hiscores cache updated with 5 players
Updating hiscores cache...
Hiscores cache updated with 5 players
Updating hiscores cache...
Hiscores cache updated with 5 players
Updating hiscores cache...
Hiscores cache updated with 5 players
Updating hiscores cache...
Hiscores cache updated with 5 players
Updating hiscores cache...
Hiscores cache updated with 5 players
Updating hiscores cache...
Hiscores cache updated with 5 players
Updating hiscores cache...
Hiscores cache updated with 5 players
Updating hiscores cache...
Hiscores cache updated with 5 players
Updating hiscores cache...
Hiscores cache updated with 5 players
Updating hiscores cache...
Hiscores cache updated with 5 players
Updating hiscores cache...
Hiscores cache updated with 5 players
Updating hiscores cache...
Hiscores cache updated with 5 players
Updating hiscores cache...
Hiscores cache updated with 5 players
Updating hiscores cache...
Hiscores cache updated with 5 players
Updating hiscores cache...
Hiscores cache updated with 5 players
Updating hiscores cache...
Hiscores cache updated with 5 players
Updating hiscores cache...
Hiscores cache updated with 5 players
Updating hiscores cache...
Hiscores cache updated with 5 players
Updating hiscores cache...
Hiscores cache updated with 5 players
Updating hiscores cache...
Hiscores cache updated with 5 players
Updating hiscores cache...
Hiscores cache updated with 5 players
Updating hiscores cache...
Hiscores cache updated with 5 players
Updating hiscores cache...
Hiscores cache updated with 5 players
Updating hiscores cache...
Hiscores cache updated with 5 players
Updating hiscores cache...
Hiscores cache updated with 5 players
Updating hiscores cache...
Hiscores cache updated with 5 players
Updating hiscores cache...
Hiscores cache updated with 5 players
Updating hiscores cache...
Hiscores cache updated with 5 players
Updating hiscores cache...
Hiscores cache updated with 5 players
Updating hiscores cache...
Hiscores cache updated with 5 players
Updating hiscores cache...
Hiscores cache updated with 5 players
Updating hiscores cache...
Hiscores cache updated with 5 players
Updating hiscores cache...
Hiscores cache updated with 5 players
Updating hiscores cache...
Hiscores cache updated with 5 players
Updating hiscores cache...
Hiscores cache updated with 5 players
Updating hiscores cache...
Hiscores cache updated with 5 players
Updating hiscores cache...
Hiscores cache updated with 5 players
Updating hiscores cache...
Hiscores cache updated with 5 players
Updating hiscores cache...
Hiscores cache updated with 5 players
Updating hiscores cache...
Hiscores cache updated with 5 players
Updating hiscores cache...
Hiscores cache updated with 5 players
Updating hiscores cache...
Hiscores cache updated with 5 players
Updating hiscores cache...
Hiscores cache updated with 5 players
Updating hiscores cache...
Hiscores cache updated with 5 players
Updating hiscores cache...
Hiscores cache updated with 5 players
Updating hiscores cache...
Hiscores cache updated with 5 players
Updating hiscores cache...
Hiscores cache updated with 5 players
Updating hiscores cache...
Hiscores cache updated with 5 players
Updating hiscores cache...
Hiscores cache updated with 5 players
Updating hiscores cache...
Hiscores cache updated with 5 players
Updating hiscores cache...
Hiscores cache updated with 5 players
Updating hiscores cache...
Hiscores cache updated with 5 players
Updating hiscores cache...
Hiscores cache updated with 5 players
Updating hiscores cache...
Hiscores cache updated with 5 players
Updating hiscores cache...
Hiscores cache updated with 5 players
Updating hiscores cache...
Hiscores cache updated with 5 players
Updating hiscores cache...
Hiscores cache updated with 5 players
Updating hiscores cache...
Hiscores cache updated with 5 players
Updating hiscores cache...
Hiscores cache updated with 5 players
Updating hiscores cache...
Hiscores cache updated with 5 players
Updating hiscores cache...
Hiscores cache updated with 5 players
Updating hiscores cache...
Hiscores cache updated with 5 players
Updating hiscores cache...
Hiscores cache updated with 5 players
Updating hiscores cache...
Hiscores cache updated with 5 players
Updating hiscores cache...
Hiscores cache updated with 5 players
Updating hiscores cache...
Hiscores cache updated with 5 players
Updating hiscores cache...
Hiscores cache updated with 5 players
Updating hiscores cache...
Hiscores cache updated with 5 players
Updating hiscores cache...
Hiscores cache updated with 5 players
Updating hiscores cache...
Hiscores cache updated with 5 players
Updating hiscores cache...
Hiscores cache updated with 5 players
Updating hiscores cache...
Hiscores cache updated with 5 players
Updating hiscores cache...
Hiscores cache updated with 5 players
Updating hiscores cache...
Hiscores cache updated with 5 players
Updating hiscores cache...
Hiscores cache updated with 5 players
Updating hiscores cache...
Hiscores cache updated with 5 players
Updating hiscores cache...
Hiscores cache updated with 5 players
Updating hiscores cache...
Hiscores cache updated with 5 players
Updating hiscores cache...
Hiscores cache updated with 5 players
Updating hiscores cache...
Hiscores cache updated with 5 players
Updating hiscores cache...
Hiscores cache updated with 5 players
Updating hiscores cache...
Hiscores cache updated with 5 players
Updating hiscores cache...
Hiscores cache updated with 5 players
Updating hiscores cache...
Hiscores cache updated with 5 players
Updating hiscores cache...
Hiscores cache updated with 5 players
Updating hiscores cache...
Hiscores cache updated with 5 players
Updating hiscores cache...
Hiscores cache updated with 5 players
Updating hiscores cache...
Hiscores cache updated with 5 players
Updating hiscores cache...
Hiscores cache updated with 5 players
Updating hiscores cache...
Hiscores cache updated with 5 players
Updating hiscores cache...
Hiscores cache updated with 5 players
Updating hiscores cache...
Hiscores cache updated with 5 players
Updating hiscores cache...
Hiscores cache updated with 5 players
Updating hiscores cache...
Hiscores cache updated with 5 players
Updating hiscores cache...
Hiscores cache updated with 5 players
Updating hiscores cache...
Hiscores cache updated with 5 players
Updating hiscores cache...
Hiscores cache updated with 5 players
Updating hiscores cache...
Hiscores cache updated with 5 players
Updating hiscores cache...
Hiscores cache updated with 5 players
Updating hiscores cache...
Hiscores cache updated with 5 players
Updating hiscores cache...
Hiscores cache updated with 5 players
Updating hiscores cache...
Hiscores cache updated with 5 players
Updating hiscores cache...
Hiscores cache updated with 5 players
Updating hiscores cache...
Hiscores cache updated with 5 players
Updating hiscores cache...
Hiscores cache updated with 5 players
Updating hiscores cache...
Hiscores cache updated with 5 players
Updating hiscores cache...
Hiscores cache updated with 5 players
Updating hiscores cache...
Hiscores cache updated with 5 players
Updating hiscores cache...
Hiscores cache updated with 5 players
Updating hiscores cache...
Hiscores cache updated with 5 players
Updating hiscores cache...
Hiscores cache updated with 5 players
Updating hiscores cache...
Hiscores cache updated with 5 players
Updating hiscores cache...
Hiscores cache updated with 5 players
Updating hiscores cache...
Hiscores cache updated with 5 players
Updating hiscores cache...
Hiscores cache updated with 5 players
Updating hiscores cache...
Hiscores cache updated with 5 players
Updating hiscores cache...
Hiscores cache updated with 5 players
Updating hiscores cache...
Hiscores cache updated with 5 players
Updating hiscores cache...
Hiscores cache updated with 5 players
Updating hiscores cache...
Hiscores cache updated with 5 players
Updating hiscores cache...
Hiscores cache updated with 5 players
Updating hiscores cache...
Hiscores cache updated with 5 players
Updating hiscores cache...
Hiscores cache updated with 5 players
Updating hiscores cache...
Hiscores cache updated with 5 players
Updating hiscores cache...
Hiscores cache updated with 5 players
Updating hiscores cache...
Hiscores cache updated with 5 players
Updating hiscores cache...
Hiscores cache updated with 5 players
Updating hiscores cache...
Hiscores cache updated with 5 players
Updating hiscores cache...
Hiscores cache updated with 5 players
Updating hiscores cache...
Hiscores cache updated with 5 players
Updating hiscores cache...
Hiscores cache updated with 5 players
Updating hiscores cache...
Hiscores cache updated with 5 players
Updating hiscores cache...
Hiscores cache updated with 5 players
Updating hiscores cache...
Hiscores cache updated with 5 players
Updating hiscores cache...
Hiscores cache updated with 5 players
Updating hiscores cache...
Hiscores cache updated with 5 players
Updating hiscores cache...
Hiscores cache updated with 5 players
Updating hiscores cache...
Hiscores cache updated with 5 players
Updating hiscores cache...
Hiscores cache updated with 5 players
Updating hiscores cache...
Hiscores cache updated with 5 players
Updating hiscores cache...
Hiscores cache updated with 5 players
Updating hiscores cache...
Hiscores cache updated with 5 players
Updating hiscores cache...
Hiscores cache updated with 5 players
Updating hiscores cache...
Hiscores cache updated with 5 players
Updating hiscores cache...
Hiscores cache updated with 5 players
Updating hiscores cache...
Hiscores cache updated with 5 players
Updating hiscores cache...
Hiscores cache updated with 5 players
Updating hiscores cache...
Hiscores cache updated with 5 players
Updating hiscores cache...
Hiscores cache updated with 5 players
Updating hiscores cache...
Hiscores cache updated with 5 players
Updating hiscores cache...
Hiscores cache updated with 5 players
Updating hiscores cache...
Hiscores cache updated with 5 players
Updating hiscores cache...
Hiscores cache updated with 5 players
Updating hiscores cache...
Hiscores cache updated with 5 players
Updating hiscores cache...
Hiscores cache updated with 5 players
Updating hiscores cache...
Hiscores cache updated with 5 players
Updating hiscores cache...
Hiscores cache updated with 5 players
Updating hiscores cache...
Hiscores cache updated with 5 players
Updating hiscores cache...
Hiscores cache updated with 5 players
Updating hiscores cache...
Hiscores cache updated with 5 players
Updating hiscores cache...
Hiscores cache updated with 5 players
Updating hiscores cache...
Hiscores cache updated with 5 players
Updating hiscores cache...
Hiscores cache updated with 5 players
Updating hiscores cache...
Hiscores cache updated with 5 players
Updating hiscores cache...
Hiscores cache updated with 5 players
Updating hiscores cache...
Hiscores cache updated with 5 players
Updating hiscores cache...
Hiscores cache updated with 5 players
Updating hiscores cache...
Hiscores cache updated with 5 players
Updating hiscores cache...
Hiscores cache updated with 5 players
Updating hiscores cache...
Hiscores cache updated with 5 players
Updating hiscores cache...
Hiscores cache updated with 5 players
Updating hiscores cache...
Hiscores cache updated with 5 players
Updating hiscores cache...
Hiscores cache updated with 5 players
Updating hiscores cache...
Hiscores cache updated with 5 players
Updating hiscores cache...
Hiscores cache updated with 5 players
Updating hiscores cache...
Hiscores cache updated with 5 players
Updating hiscores cache...
Hiscores cache updated with 5 players
Updating hiscores cache...
Hiscores cache updated with 5 players
Updating hiscores cache...
Hiscores cache updated with 5 players
Updating hiscores cache...
Hiscores cache updated with 5 players
Updating hiscores cache...
Hiscores cache updated with 5 players
Updating hiscores cache...
Hiscores cache updated with 5 players
Updating hiscores cache...
Hiscores cache updated with 5 players
Updating hiscores cache...
Hiscores cache updated with 5 players
Updating hiscores cache...
Hiscores cache updated with 5 players
Updating hiscores cache...
Hiscores cache updated with 5 players
Updating hiscores cache...
Hiscores cache updated with 5 players
Updating hiscores cache...
Hiscores cache updated with 5 players
Updating hiscores cache...
Hiscores cache updated with 5 players
Updating hiscores cache...
Hiscores cache updated with 5 players
Updating hiscores cache...
Hiscores cache updated with 5 players
Updating hiscores cache...
Hiscores cache updated with 5 players
Updating hiscores cache...
Hiscores cache updated with 5 players
Updating hiscores cache...
Hiscores cache updated with 5 players
Updating hiscores cache...
Hiscores cache updated with 5 players
Updating hiscores cache...
Hiscores cache updated with 5 players
Updating hiscores cache...
Hiscores cache updated with 5 players
Updating hiscores cache...
Hiscores cache updated with 5 players
Updating hiscores cache...
Hiscores cache updated with 5 players
Updating hiscores cache...
Hiscores cache updated with 5 players
Updating hiscores cache...
Hiscores cache updated with 5 players
Updating hiscores cache...
Hiscores cache updated with 5 players
Updating hiscores cache...
Hiscores cache updated with 5 players
Updating hiscores cache...
Hiscores cache updated with 5 players
Updating hiscores cache...
Hiscores cache updated with 5 players
Updating hiscores cache...
Hiscores cache updated with 5 players
Updating hiscores cache...
Hiscores cache updated with 5 players
Updating hiscores cache...
Hiscores cache updated with 5 players
Updating hiscores cache...
Hiscores cache updated with 5 players
Updating hiscores cache...
Hiscores cache updated with 5 players
Updating hiscores cache...
Hiscores cache updated with 5 players
Updating hiscores cache...
Hiscores cache updated with 5 players
Updating hiscores cache...
Hiscores cache updated with 5 players
Updating hiscores cache...
Hiscores cache updated with 5 players
Updating hiscores cache...
Hiscores cache updated with 5 players
Updating hiscores cache...
Hiscores cache updated with 5 players
Updating hiscores cache...
Hiscores cache updated with 5 players
Updating hiscores cache...
Hiscores cache updated with 5 players
Updating hiscores cache...
Hiscores cache updated with 5 players
Updating hiscores cache...
Hiscores cache updated with 5 players
Updating hiscores cache...
Hiscores cache updated with 5 players
Updating hiscores cache...
Hiscores cache updated with 5 players
Updating hiscores cache...
Hiscores cache updated with 5 players
Updating hiscores cache...
Hiscores cache updated with 5 players
Updating hiscores cache...
Hiscores cache updated with 5 players
Updating hiscores cache...
Hiscores cache updated with 5 players
Updating hiscores cache...
Hiscores cache updated with 5 players
Updating hiscores cache...
Hiscores cache updated with 5 players
Updating hiscores cache...
Hiscores cache updated with 5 players
Updating hiscores cache...
Hiscores cache updated with 5 players
Updating hiscores cache...
Hiscores cache updated with 5 players
Updating hiscores cache...
Hiscores cache updated with 5 players
Updating hiscores cache...
Hiscores cache updated with 5 players
Updating hiscores cache...
Hiscores cache updated with 5 players
Updating hiscores cache...
Hiscores cache updated with 5 players
Updating hiscores cache...
Hiscores cache updated with 5 players
Updating hiscores cache...
Hiscores cache updated with 5 players
Updating hiscores cache...
Hiscores cache updated with 5 players
Updating hiscores cache...
Hiscores cache updated with 5 players
Updating hiscores cache...
Hiscores cache updated with 5 players
Updating hiscores cache...
Hiscores cache updated with 5 players
Updating hiscores cache...
Hiscores cache updated with 5 players
Updating hiscores cache...
Hiscores cache updated with 5 players
Updating hiscores cache...
Hiscores cache updated with 5 players
Updating hiscores cache...
Hiscores cache updated with 5 players
Updating hiscores cache...
Hiscores cache updated with 5 players
Updating hiscores cache...
Hiscores cache updated with 5 players
Updating hiscores cache...
Hiscores cache updated with 5 players
Updating hiscores cache...
Hiscores cache updated with 5 players
Updating hiscores cache...
Hiscores cache updated with 5 players
Updating hiscores cache...
Hiscores cache updated with 5 players
Updating hiscores cache...
Hiscores cache updated with 5 players
Updating hiscores cache...
Hiscores cache updated with 5 players
Updating hiscores cache...
Hiscores cache updated with 5 players
Updating hiscores cache...
Hiscores cache updated with 5 players
Updating hiscores cache...
Hiscores cache updated with 5 players
Updating hiscores cache...
Hiscores cache updated with 5 players
Updating hiscores cache...
Hiscores cache updated with 5 players
Updating hiscores cache...
Hiscores cache updated with 5 players
Updating hiscores cache...
Hiscores cache updated with 5 players
Updating hiscores cache...
Hiscores cache updated with 5 players
Updating hiscores cache...
Hiscores cache updated with 5 players
Updating hiscores cache...
Hiscores cache updated with 5 players
Updating hiscores cache...
Hiscores cache updated with 5 players
Updating hiscores cache...
Hiscores cache updated with 5 players
Updating hiscores cache...
Hiscores cache updated with 5 players
Updating hiscores cache...
Hiscores cache updated with 5 players
Updating hiscores cache...
Hiscores cache updated with 5 players
Updating hiscores cache...
Hiscores cache updated with 5 players
Updating hiscores cache...
Hiscores cache updated with 5 players
Updating hiscores cache...
Hiscores cache updated with 5 players
Updating hiscores cache...
Hiscores cache updated with 5 players
Updating hiscores cache...
Hiscores cache updated with 5 players
Updating hiscores cache...
Hiscores cache updated with 5 players
Updating hiscores cache...
Hiscores cache updated with 5 players
Packing server cache (1/2)
Compiling server scripts
Packed server cache (1/2)
Packing client cache (2/2)
Packed client cache (2/2)
Updating hiscores cache...
Hiscores cache updated with 5 players
Updating hiscores cache...
Hiscores cache updated with 5 players
Updating hiscores cache...
Hiscores cache updated with 5 players
Updating hiscores cache...
Hiscores cache updated with 5 players
Updating hiscores cache...
Hiscores cache updated with 5 players
Updating hiscores cache...
Hiscores cache updated with 5 players
Updating hiscores cache...
Hiscores cache updated with 5 players
Updating hiscores cache...
Hiscores cache updated with 5 players
Updating hiscores cache...
Hiscores cache updated with 5 players
Updating hiscores cache...
Hiscores cache updated with 5 players
Updating hiscores cache...
Hiscores cache updated with 5 players
Updating hiscores cache...
Hiscores cache updated with 5 players
Updating hiscores cache...
Hiscores cache updated with 5 players
Updating hiscores cache...
Hiscores cache updated with 5 players
Updating hiscores cache...
Hiscores cache updated with 5 players
Updating hiscores cache...
Hiscores cache updated with 5 players
Updating hiscores cache...
Hiscores cache updated with 5 players
Updating hiscores cache...
Hiscores cache updated with 5 players
Updating hiscores cache...
Hiscores cache updated with 5 players
Updating hiscores cache...
Hiscores cache updated with 5 players
Updating hiscores cache...
Hiscores cache updated with 5 players
Updating hiscores cache...
Hiscores cache updated with 5 players
Updating hiscores cache...
Hiscores cache updated with 5 players
Updating hiscores cache...
Hiscores cache updated with 5 players
Updating hiscores cache...
Hiscores cache updated with 5 players
Updating hiscores cache...
Hiscores cache updated with 5 players
Updating hiscores cache...
Hiscores cache updated with 5 players
Updating hiscores cache...
Hiscores cache updated with 5 players
Updating hiscores cache...
Hiscores cache updated with 5 players
Updating hiscores cache...
Hiscores cache updated with 5 players
Updating hiscores cache...
Hiscores cache updated with 5 players
Updating hiscores cache...
Hiscores cache updated with 5 players
Updating hiscores cache...
Hiscores cache updated with 5 players
9:02:48 AM [tsx] change in ./src/website/server.ts Restarting...
8/5/2025 9:02:49 AM	 INFO	 Server shutdown complete
Updating hiscores cache...
Hiscores cache updated with 5 players
8/5/2025 9:02:50 AM	 DEBUG	 Checking for compiler update
8/5/2025 9:02:51 AM	 DEBUG	 Compiler is up to date
8/5/2025 9:02:51 AM	 INFO	 XP Rate set to 10x from database
8/5/2025 9:02:51 AM	 INFO	 Drop Rate setting loaded: 10x (not yet implemented)
8/5/2025 9:02:51 AM	 INFO	 Max players set to 2000 from database
8/5/2025 9:02:51 AM	 INFO	 Starting gold set to 20999 from database
8/5/2025 9:02:51 AM	 INFO	 Shop prices set to normal from database
8/5/2025 9:02:51 AM	 INFO	 Registration enabled from database
8/5/2025 9:02:51 AM	 INFO	 Starting world
8/5/2025 9:02:51 AM	 DEBUG	 Loading game map
8/5/2025 9:02:53 AM	 INFO	 World ready: Visit http://localhost:8888/rs2.cgi
Packing server cache (1/2)
Compiling server scripts
Packed server cache (1/2)
Packing client cache (2/2)
Packed client cache (2/2)
9:03:01 AM [tsx] change in ./src/website/server.ts Restarting...
8/5/2025 9:03:01 AM	 INFO	 Server shutdown complete
Updating hiscores cache...
Hiscores cache updated with 5 players
8/5/2025 9:03:02 AM	 DEBUG	 Checking for compiler update
8/5/2025 9:03:03 AM	 DEBUG	 Compiler is up to date
8/5/2025 9:03:03 AM	 INFO	 XP Rate set to 10x from database
8/5/2025 9:03:03 AM	 INFO	 Drop Rate setting loaded: 10x (not yet implemented)
8/5/2025 9:03:03 AM	 INFO	 Max players set to 2000 from database
8/5/2025 9:03:03 AM	 INFO	 Starting gold set to 20999 from database
8/5/2025 9:03:03 AM	 INFO	 Shop prices set to normal from database
8/5/2025 9:03:03 AM	 INFO	 Registration enabled from database
8/5/2025 9:03:03 AM	 INFO	 Starting world
8/5/2025 9:03:03 AM	 DEBUG	 Loading game map
8/5/2025 9:03:05 AM	 INFO	 World ready: Visit http://localhost:8888/rs2.cgi
Packing server cache (1/2)
Compiling server scripts
Packed server cache (1/2)
Packing client cache (2/2)
Packed client cache (2/2)
Updating hiscores cache...
Hiscores cache updated with 5 players
Updating hiscores cache...
Hiscores cache updated with 4 players
9:05:56 AM [tsx] change in ./src/website/server.ts Restarting...
8/5/2025 9:05:56 AM	 INFO	 Server shutdown complete
Updating hiscores cache...
Hiscores cache updated with 2 players
8/5/2025 9:05:58 AM	 DEBUG	 Checking for compiler update
8/5/2025 9:05:58 AM	 DEBUG	 Compiler is up to date
8/5/2025 9:05:58 AM	 INFO	 XP Rate set to 10x from database
8/5/2025 9:05:58 AM	 INFO	 Drop Rate setting loaded: 10x (not yet implemented)
8/5/2025 9:05:58 AM	 INFO	 Max players set to 2000 from database
8/5/2025 9:05:58 AM	 INFO	 Starting gold set to 20999 from database
8/5/2025 9:05:58 AM	 INFO	 Shop prices set to normal from database
8/5/2025 9:05:58 AM	 INFO	 Registration enabled from database
8/5/2025 9:05:58 AM	 INFO	 Starting world
8/5/2025 9:05:58 AM	 DEBUG	 Loading game map
8/5/2025 9:06:00 AM	 INFO	 World ready: Visit http://localhost:8888/rs2.cgi
Packing server cache (1/2)
Compiling server scripts
Packed server cache (1/2)
Packing client cache (2/2)
Packed client cache (2/2)
9:06:27 AM [tsx] change in ./src/website/server.ts Restarting...
8/5/2025 9:06:28 AM	 INFO	 Server shutdown complete
Updating hiscores cache...
Hiscores cache updated with 2 players
8/5/2025 9:06:29 AM	 DEBUG	 Checking for compiler update
8/5/2025 9:06:29 AM	 DEBUG	 Compiler is up to date
8/5/2025 9:06:29 AM	 INFO	 XP Rate set to 10x from database
8/5/2025 9:06:29 AM	 INFO	 Drop Rate setting loaded: 10x (not yet implemented)
8/5/2025 9:06:29 AM	 INFO	 Max players set to 2000 from database
8/5/2025 9:06:29 AM	 INFO	 Starting gold set to 20999 from database
8/5/2025 9:06:29 AM	 INFO	 Shop prices set to normal from database
8/5/2025 9:06:29 AM	 INFO	 Registration enabled from database
8/5/2025 9:06:29 AM	 INFO	 Starting world
8/5/2025 9:06:29 AM	 DEBUG	 Loading game map
8/5/2025 9:06:31 AM	 INFO	 World ready: Visit http://localhost:8888/rs2.cgi
Packing server cache (1/2)
Compiling server scripts
Packed server cache (1/2)
Packing client cache (2/2)
Packed client cache (2/2)
Updating hiscores cache...
Hiscores cache updated with 2 players
9:08:01 AM [tsx] change in ./src/web.ts Restarting...
8/5/2025 9:08:01 AM	 INFO	 Server shutdown complete
Updating hiscores cache...
Hiscores cache updated with 2 players
8/5/2025 9:08:02 AM	 DEBUG	 Checking for compiler update
8/5/2025 9:08:03 AM	 DEBUG	 Compiler is up to date
8/5/2025 9:08:03 AM	 INFO	 XP Rate set to 10x from database
8/5/2025 9:08:03 AM	 INFO	 Drop Rate setting loaded: 10x (not yet implemented)
8/5/2025 9:08:03 AM	 INFO	 Max players set to 2000 from database
8/5/2025 9:08:03 AM	 INFO	 Starting gold set to 20999 from database
8/5/2025 9:08:03 AM	 INFO	 Shop prices set to normal from database
8/5/2025 9:08:03 AM	 INFO	 Registration enabled from database
8/5/2025 9:08:03 AM	 INFO	 Starting world
8/5/2025 9:08:03 AM	 DEBUG	 Loading game map
8/5/2025 9:08:05 AM	 INFO	 World ready: Visit http://localhost:8888/rs2.cgi
Packing server cache (1/2)
Compiling server scripts
Packed server cache (1/2)
Packing client cache (2/2)
Packed client cache (2/2)
Updating hiscores cache...
Hiscores cache updated with 2 players
Updating hiscores cache...
Hiscores cache updated with 2 players
Updating hiscores cache...
Hiscores cache updated with 2 players
Updating hiscores cache...
Hiscores cache updated with 2 players
Updating hiscores cache...
Hiscores cache updated with 2 players
Updating hiscores cache...
Hiscores cache updated with 2 players
9:15:02 AM [tsx] change in ./src/website/server.ts Restarting...
8/5/2025 9:15:02 AM	 INFO	 Server shutdown complete
Updating hiscores cache...
Hiscores cache updated with 2 players
8/5/2025 9:15:04 AM	 DEBUG	 Checking for compiler update
8/5/2025 9:15:04 AM	 DEBUG	 Compiler is up to date
8/5/2025 9:15:04 AM	 INFO	 XP Rate set to 10x from database
8/5/2025 9:15:04 AM	 INFO	 Drop Rate setting loaded: 10x (not yet implemented)
8/5/2025 9:15:04 AM	 INFO	 Max players set to 2000 from database
8/5/2025 9:15:04 AM	 INFO	 Starting gold set to 20999 from database
8/5/2025 9:15:04 AM	 INFO	 Shop prices set to normal from database
8/5/2025 9:15:04 AM	 INFO	 Registration enabled from database
8/5/2025 9:15:04 AM	 INFO	 Starting world
8/5/2025 9:15:04 AM	 DEBUG	 Loading game map
8/5/2025 9:15:06 AM	 INFO	 World ready: Visit http://localhost:8888/rs2.cgi
Packing server cache (1/2)
Compiling server scripts
Packed server cache (1/2)
Packing client cache (2/2)
Packed client cache (2/2)
Updating hiscores cache...
Hiscores cache updated with 2 players
Updating hiscores cache...
Hiscores cache updated with 2 players
9:17:53 AM [tsx] unlink in ./src/web.ts.tmp.1130234.1754403472807 Restarting...
8/5/2025 9:17:53 AM	 INFO	 Server shutdown complete
Updating hiscores cache...
Hiscores cache updated with 2 players
8/5/2025 9:17:54 AM	 DEBUG	 Checking for compiler update
8/5/2025 9:17:55 AM	 DEBUG	 Compiler is up to date
8/5/2025 9:17:55 AM	 INFO	 XP Rate set to 10x from database
8/5/2025 9:17:55 AM	 INFO	 Drop Rate setting loaded: 10x (not yet implemented)
8/5/2025 9:17:55 AM	 INFO	 Max players set to 2000 from database
8/5/2025 9:17:55 AM	 INFO	 Starting gold set to 20999 from database
8/5/2025 9:17:55 AM	 INFO	 Shop prices set to normal from database
8/5/2025 9:17:55 AM	 INFO	 Registration enabled from database
8/5/2025 9:17:55 AM	 INFO	 Starting world
8/5/2025 9:17:55 AM	 DEBUG	 Loading game map
8/5/2025 9:17:56 AM	 INFO	 World ready: Visit http://localhost:8888/rs2.cgi
Packing server cache (1/2)
Compiling server scripts
Packed server cache (1/2)
Packing client cache (2/2)
Packed client cache (2/2)
Updating hiscores cache...
Hiscores cache updated with 2 players
Updating hiscores cache...
Hiscores cache updated with 2 players
Updating hiscores cache...
Hiscores cache updated with 2 players
Updating hiscores cache...
Hiscores cache updated with 2 players
Updating hiscores cache...
Hiscores cache updated with 2 players
Updating hiscores cache...
Hiscores cache updated with 2 players
Updating hiscores cache...
Hiscores cache updated with 2 players
Updating hiscores cache...
Hiscores cache updated with 2 players
Updating hiscores cache...
Hiscores cache updated with 2 players
Updating hiscores cache...
Hiscores cache updated with 2 players
Updating hiscores cache...
Hiscores cache updated with 2 players
Updating hiscores cache...
Hiscores cache updated with 2 players
Updating hiscores cache...
Hiscores cache updated with 2 players
Updating hiscores cache...
Hiscores cache updated with 2 players
Updating hiscores cache...
Hiscores cache updated with 2 players
Updating hiscores cache...
Hiscores cache updated with 2 players
Updating hiscores cache...
Hiscores cache updated with 2 players
Updating hiscores cache...
Hiscores cache updated with 2 players
Updating hiscores cache...
Hiscores cache updated with 2 players
Updating hiscores cache...
Hiscores cache updated with 2 players
Updating hiscores cache...
Hiscores cache updated with 2 players
Updating hiscores cache...
Hiscores cache updated with 2 players
Updating hiscores cache...
Hiscores cache updated with 2 players
Updating hiscores cache...
Hiscores cache updated with 2 players
Updating hiscores cache...
Hiscores cache updated with 2 players
Updating hiscores cache...
Hiscores cache updated with 2 players
Updating hiscores cache...
Hiscores cache updated with 2 players
Updating hiscores cache...
Hiscores cache updated with 2 players
Updating hiscores cache...
Hiscores cache updated with 2 players
Updating hiscores cache...
Hiscores cache updated with 2 players
Updating hiscores cache...
Hiscores cache updated with 2 players
Updating hiscores cache...
Hiscores cache updated with 2 players
Updating hiscores cache...
Hiscores cache updated with 2 players
Updating hiscores cache...
Hiscores cache updated with 2 players
Updating hiscores cache...
Hiscores cache updated with 2 players
9:53:25 AM [tsx] change in ./src/website/server.ts Restarting...
8/5/2025 9:53:25 AM	 INFO	 Server shutdown complete
Updating hiscores cache...
Hiscores cache updated with 2 players
8/5/2025 9:53:26 AM	 DEBUG	 Checking for compiler update
8/5/2025 9:53:27 AM	 DEBUG	 Compiler is up to date
8/5/2025 9:53:27 AM	 INFO	 XP Rate set to 10x from database
8/5/2025 9:53:27 AM	 INFO	 Drop Rate setting loaded: 10x (not yet implemented)
8/5/2025 9:53:27 AM	 INFO	 Max players set to 2000 from database
8/5/2025 9:53:27 AM	 INFO	 Starting gold set to 20999 from database
8/5/2025 9:53:27 AM	 INFO	 Shop prices set to normal from database
8/5/2025 9:53:27 AM	 INFO	 Registration enabled from database
8/5/2025 9:53:27 AM	 INFO	 Starting world
8/5/2025 9:53:27 AM	 DEBUG	 Loading game map
8/5/2025 9:53:28 AM	 INFO	 World ready: Visit http://localhost:8888/rs2.cgi
Packing server cache (1/2)
Compiling server scripts
Packed server cache (1/2)
Packing client cache (2/2)
Packed client cache (2/2)
Updating hiscores cache...
Hiscores cache updated with 2 players
9:54:43 AM [tsx] unlink in ./src/web.ts.tmp.1130234.1754405682874 Restarting...
8/5/2025 9:54:43 AM	 INFO	 Server shutdown complete
Updating hiscores cache...
Hiscores cache updated with 2 players
8/5/2025 9:54:44 AM	 DEBUG	 Checking for compiler update
8/5/2025 9:54:45 AM	 DEBUG	 Compiler is up to date
8/5/2025 9:54:45 AM	 INFO	 XP Rate set to 10x from database
8/5/2025 9:54:45 AM	 INFO	 Drop Rate setting loaded: 10x (not yet implemented)
8/5/2025 9:54:45 AM	 INFO	 Max players set to 2000 from database
8/5/2025 9:54:45 AM	 INFO	 Starting gold set to 20999 from database
8/5/2025 9:54:45 AM	 INFO	 Shop prices set to normal from database
8/5/2025 9:54:45 AM	 INFO	 Registration enabled from database
8/5/2025 9:54:45 AM	 INFO	 Starting world
8/5/2025 9:54:45 AM	 DEBUG	 Loading game map
8/5/2025 9:54:46 AM	 INFO	 World ready: Visit http://localhost:8888/rs2.cgi
Packing server cache (1/2)
Compiling server scripts
Packed server cache (1/2)
Packing client cache (2/2)
Packed client cache (2/2)
Updating hiscores cache...
Hiscores cache updated with 2 players
Updating hiscores cache...
Hiscores cache updated with 2 players
Updating hiscores cache...
Hiscores cache updated with 2 players
Updating hiscores cache...
Hiscores cache updated with 2 players
Updating hiscores cache...
Hiscores cache updated with 2 players
Updating hiscores cache...
Hiscores cache updated with 2 players
Updating hiscores cache...
Hiscores cache updated with 2 players
Updating hiscores cache...
Hiscores cache updated with 2 players
Updating hiscores cache...
Hiscores cache updated with 2 players
Updating hiscores cache...
Hiscores cache updated with 2 players
Updating hiscores cache...
Hiscores cache updated with 2 players
Updating hiscores cache...
Hiscores cache updated with 2 players
Updating hiscores cache...
Hiscores cache updated with 2 players
Updating hiscores cache...
Hiscores cache updated with 2 players
Updating hiscores cache...
Hiscores cache updated with 2 players
Updating hiscores cache...
Hiscores cache updated with 2 players
Updating hiscores cache...
Hiscores cache updated with 2 players
10:12:33 AM [tsx] change in ./src/website/server.ts Restarting...
8/5/2025 10:12:33 AM	 INFO	 Server shutdown complete
Updating hiscores cache...
Hiscores cache updated with 2 players
8/5/2025 10:12:34 AM	 DEBUG	 Checking for compiler update
8/5/2025 10:12:35 AM	 DEBUG	 Compiler is up to date
8/5/2025 10:12:35 AM	 INFO	 XP Rate set to 10x from database
8/5/2025 10:12:35 AM	 INFO	 Drop Rate setting loaded: 10x (not yet implemented)
8/5/2025 10:12:35 AM	 INFO	 Max players set to 2000 from database
8/5/2025 10:12:35 AM	 INFO	 Starting gold set to 20999 from database
8/5/2025 10:12:35 AM	 INFO	 Shop prices set to normal from database
8/5/2025 10:12:35 AM	 INFO	 Registration enabled from database
8/5/2025 10:12:35 AM	 INFO	 Starting world
8/5/2025 10:12:35 AM	 DEBUG	 Loading game map
8/5/2025 10:12:37 AM	 INFO	 World ready: Visit http://localhost:8888/rs2.cgi
Packing server cache (1/2)
Compiling server scripts
Packed server cache (1/2)
Packing client cache (2/2)
Packed client cache (2/2)
Updating hiscores cache...
Hiscores cache updated with 2 players
Updating hiscores cache...
Hiscores cache updated with 2 players
Updating hiscores cache...
Hiscores cache updated with 2 players
Updating hiscores cache...
Hiscores cache updated with 2 players
Updating hiscores cache...
Hiscores cache updated with 2 players
Updating hiscores cache...
Hiscores cache updated with 2 players
Updating hiscores cache...
Hiscores cache updated with 2 players
Updating hiscores cache...
Hiscores cache updated with 2 players
Updating hiscores cache...
Hiscores cache updated with 2 players
Updating hiscores cache...
Hiscores cache updated with 2 players
Updating hiscores cache...
Hiscores cache updated with 2 players
Updating hiscores cache...
Hiscores cache updated with 2 players
Updating hiscores cache...
Hiscores cache updated with 2 players
Updating hiscores cache...
Hiscores cache updated with 2 players
Updating hiscores cache...
Hiscores cache updated with 2 players
Updating hiscores cache...
Hiscores cache updated with 2 players
Updating hiscores cache...
Hiscores cache updated with 2 players
Updating hiscores cache...
Hiscores cache updated with 2 players
Updating hiscores cache...
Hiscores cache updated with 2 players
Updating hiscores cache...
Hiscores cache updated with 2 players
Updating hiscores cache...
Hiscores cache updated with 2 players
Updating hiscores cache...
Hiscores cache updated with 2 players
Updating hiscores cache...
Hiscores cache updated with 2 players
Updating hiscores cache...
Hiscores cache updated with 2 players
Updating hiscores cache...
Hiscores cache updated with 2 players
Updating hiscores cache...
Hiscores cache updated with 2 players
Updating hiscores cache...
Hiscores cache updated with 2 players
Updating hiscores cache...
Hiscores cache updated with 2 players
Updating hiscores cache...
Hiscores cache updated with 2 players
Updating hiscores cache...
Hiscores cache updated with 2 players
Updating hiscores cache...
Hiscores cache updated with 2 players
Updating hiscores cache...
Hiscores cache updated with 2 players
Updating hiscores cache...
Hiscores cache updated with 2 players
Updating hiscores cache...
Hiscores cache updated with 2 players
Updating hiscores cache...
Hiscores cache updated with 2 players
Updating hiscores cache...
Hiscores cache updated with 2 players
Updating hiscores cache...
Hiscores cache updated with 2 players
Updating hiscores cache...
Hiscores cache updated with 2 players
Updating hiscores cache...
Hiscores cache updated with 2 players
Updating hiscores cache...
Hiscores cache updated with 2 players
Updating hiscores cache...
Hiscores cache updated with 2 players
Updating hiscores cache...
Hiscores cache updated with 2 players
Updating hiscores cache...
Hiscores cache updated with 2 players
Updating hiscores cache...
Hiscores cache updated with 2 players
Updating hiscores cache...
Hiscores cache updated with 2 players
Updating hiscores cache...
Hiscores cache updated with 2 players
Updating hiscores cache...
Hiscores cache updated with 2 players
Updating hiscores cache...
Hiscores cache updated with 2 players
Updating hiscores cache...
Hiscores cache updated with 2 players
Updating hiscores cache...
Hiscores cache updated with 2 players
Updating hiscores cache...
Hiscores cache updated with 2 players
Updating hiscores cache...
Hiscores cache updated with 2 players
Updating hiscores cache...
Hiscores cache updated with 2 players
Updating hiscores cache...
Hiscores cache updated with 2 players
Updating hiscores cache...
Hiscores cache updated with 2 players
Updating hiscores cache...
Hiscores cache updated with 2 players
Updating hiscores cache...
Hiscores cache updated with 2 players
Updating hiscores cache...
Hiscores cache updated with 2 players
Updating hiscores cache...
Hiscores cache updated with 2 players
Updating hiscores cache...
Hiscores cache updated with 2 players
Updating hiscores cache...
Hiscores cache updated with 2 players
Updating hiscores cache...
Hiscores cache updated with 2 players
Updating hiscores cache...
Hiscores cache updated with 2 players
Updating hiscores cache...
Hiscores cache updated with 2 players
Updating hiscores cache...
Hiscores cache updated with 2 players
Updating hiscores cache...
Hiscores cache updated with 2 players
Updating hiscores cache...
Hiscores cache updated with 2 players
Updating hiscores cache...
Hiscores cache updated with 2 players
Updating hiscores cache...
Hiscores cache updated with 2 players
Updating hiscores cache...
Hiscores cache updated with 2 players
Updating hiscores cache...
Hiscores cache updated with 2 players
Updating hiscores cache...
Hiscores cache updated with 2 players
Updating hiscores cache...
Hiscores cache updated with 2 players
Updating hiscores cache...
Hiscores cache updated with 2 players
Updating hiscores cache...
Hiscores cache updated with 2 players
Updating hiscores cache...
Hiscores cache updated with 2 players
Updating hiscores cache...
Hiscores cache updated with 2 players
Updating hiscores cache...
Hiscores cache updated with 2 players
Updating hiscores cache...
Hiscores cache updated with 2 players
Updating hiscores cache...
Hiscores cache updated with 2 players
Updating hiscores cache...
Hiscores cache updated with 2 players
Updating hiscores cache...
Hiscores cache updated with 2 players
Updating hiscores cache...
Hiscores cache updated with 2 players
Updating hiscores cache...
Hiscores cache updated with 2 players
Updating hiscores cache...
Hiscores cache updated with 2 players
Updating hiscores cache...
Hiscores cache updated with 2 players
Updating hiscores cache...
Hiscores cache updated with 2 players
Updating hiscores cache...
Hiscores cache updated with 2 players
Updating hiscores cache...
Hiscores cache updated with 2 players
Updating hiscores cache...
Hiscores cache updated with 2 players
Updating hiscores cache...
Hiscores cache updated with 2 players
Updating hiscores cache...
Hiscores cache updated with 2 players
Updating hiscores cache...
Hiscores cache updated with 2 players
Updating hiscores cache...
Hiscores cache updated with 2 players
Updating hiscores cache...
Hiscores cache updated with 2 players
Updating hiscores cache...
Hiscores cache updated with 2 players
Updating hiscores cache...
Hiscores cache updated with 2 players
Updating hiscores cache...
Hiscores cache updated with 2 players
Updating hiscores cache...
Hiscores cache updated with 2 players
Updating hiscores cache...
Hiscores cache updated with 2 players
Updating hiscores cache...
Hiscores cache updated with 2 players
Updating hiscores cache...
Hiscores cache updated with 2 players
Updating hiscores cache...
Hiscores cache updated with 2 players
Updating hiscores cache...
Hiscores cache updated with 2 players
Updating hiscores cache...
Hiscores cache updated with 2 players
Updating hiscores cache...
Hiscores cache updated with 2 players
Updating hiscores cache...
Hiscores cache updated with 2 players
Updating hiscores cache...
Hiscores cache updated with 2 players
Updating hiscores cache...
Hiscores cache updated with 2 players
Updating hiscores cache...
Hiscores cache updated with 2 players
Updating hiscores cache...
Hiscores cache updated with 2 players
Updating hiscores cache...
Hiscores cache updated with 2 players
Updating hiscores cache...
Hiscores cache updated with 2 players
Updating hiscores cache...
Hiscores cache updated with 2 players
Updating hiscores cache...
Hiscores cache updated with 2 players
Updating hiscores cache...
Hiscores cache updated with 2 players
Updating hiscores cache...
Hiscores cache updated with 2 players
Updating hiscores cache...
Hiscores cache updated with 2 players
Updating hiscores cache...
Hiscores cache updated with 2 players
Updating hiscores cache...
Hiscores cache updated with 2 players
Updating hiscores cache...
Hiscores cache updated with 2 players
Updating hiscores cache...
Hiscores cache updated with 2 players
Updating hiscores cache...
Hiscores cache updated with 2 players
Updating hiscores cache...
Hiscores cache updated with 2 players
Updating hiscores cache...
Hiscores cache updated with 2 players
Updating hiscores cache...
Hiscores cache updated with 2 players
Updating hiscores cache...
Hiscores cache updated with 2 players
Updating hiscores cache...
Hiscores cache updated with 2 players
Updating hiscores cache...
Hiscores cache updated with 2 players
Updating hiscores cache...
Hiscores cache updated with 2 players
Updating hiscores cache...
Hiscores cache updated with 2 players
Updating hiscores cache...
Hiscores cache updated with 2 players
Updating hiscores cache...
Hiscores cache updated with 2 players
Updating hiscores cache...
Hiscores cache updated with 2 players
Updating hiscores cache...
Hiscores cache updated with 2 players
Updating hiscores cache...
Hiscores cache updated with 2 players
Updating hiscores cache...
Hiscores cache updated with 2 players
Updating hiscores cache...
Hiscores cache updated with 2 players
Updating hiscores cache...
Hiscores cache updated with 2 players
Updating hiscores cache...
Hiscores cache updated with 2 players
Updating hiscores cache...
Hiscores cache updated with 2 players
Updating hiscores cache...
Hiscores cache updated with 2 players
Updating hiscores cache...
Hiscores cache updated with 2 players
Updating hiscores cache...
Hiscores cache updated with 2 players
Updating hiscores cache...
Hiscores cache updated with 2 players
Updating hiscores cache...
Hiscores cache updated with 2 players
Updating hiscores cache...
Hiscores cache updated with 2 players
Updating hiscores cache...
Hiscores cache updated with 2 players
Backup creation failed: SqliteError: no such table: moderator_logs
    at Database.prepare (/home/crucifix/2004scape-server/node_modules/better-sqlite3/lib/methods/wrappers.js:5:21)
    at <anonymous> (/home/crucifix/2004scape-server/src/website/server.ts:1471:16)
    at process.processTicksAndRejections (node:internal/process/task_queues:95:5) {
  code: 'SQLITE_ERROR'
}
Updating hiscores cache...
Hiscores cache updated with 2 players
12:42:19 PM [tsx] change in ./src/website/server.ts Restarting...
8/5/2025 12:42:19 PM	 INFO	 Server shutdown complete
Updating hiscores cache...
Hiscores cache updated with 2 players
8/5/2025 12:42:20 PM	 DEBUG	 Checking for compiler update
8/5/2025 12:42:20 PM	 DEBUG	 Compiler is up to date
8/5/2025 12:42:20 PM	 INFO	 XP Rate set to 10x from database
8/5/2025 12:42:20 PM	 INFO	 Drop Rate setting loaded: 10x (not yet implemented)
8/5/2025 12:42:20 PM	 INFO	 Max players set to 2000 from database
8/5/2025 12:42:20 PM	 INFO	 Starting gold set to 20999 from database
8/5/2025 12:42:20 PM	 INFO	 Shop prices set to normal from database
8/5/2025 12:42:20 PM	 INFO	 Registration enabled from database
8/5/2025 12:42:20 PM	 INFO	 Starting world
8/5/2025 12:42:21 PM	 DEBUG	 Loading game map
8/5/2025 12:42:22 PM	 INFO	 World ready: Visit http://localhost:8888/rs2.cgi
Packing server cache (1/2)
Compiling server scripts
Packed server cache (1/2)
Packing client cache (2/2)
Packed client cache (2/2)
12:42:47 PM [tsx] change in ./src/website/server.ts Restarting...
8/5/2025 12:42:48 PM	 INFO	 Server shutdown complete
Updating hiscores cache...
Hiscores cache updated with 2 players
8/5/2025 12:42:49 PM	 DEBUG	 Checking for compiler update
8/5/2025 12:42:50 PM	 DEBUG	 Compiler is up to date
8/5/2025 12:42:50 PM	 INFO	 XP Rate set to 10x from database
8/5/2025 12:42:50 PM	 INFO	 Drop Rate setting loaded: 10x (not yet implemented)
8/5/2025 12:42:50 PM	 INFO	 Max players set to 2000 from database
8/5/2025 12:42:50 PM	 INFO	 Starting gold set to 20999 from database
8/5/2025 12:42:50 PM	 INFO	 Shop prices set to normal from database
8/5/2025 12:42:50 PM	 INFO	 Registration enabled from database
8/5/2025 12:42:50 PM	 INFO	 Starting world
8/5/2025 12:42:50 PM	 DEBUG	 Loading game map
8/5/2025 12:42:52 PM	 INFO	 World ready: Visit http://localhost:8888/rs2.cgi
Packing server cache (1/2)
Compiling server scripts
Packed server cache (1/2)
Packing client cache (2/2)
Packed client cache (2/2)
12:43:10 PM [tsx] change in ./src/website/server.ts Restarting...
8/5/2025 12:43:10 PM	 INFO	 Server shutdown complete
Updating hiscores cache...
Hiscores cache updated with 2 players
8/5/2025 12:43:12 PM	 DEBUG	 Checking for compiler update
8/5/2025 12:43:12 PM	 DEBUG	 Compiler is up to date
8/5/2025 12:43:12 PM	 INFO	 XP Rate set to 10x from database
8/5/2025 12:43:12 PM	 INFO	 Drop Rate setting loaded: 10x (not yet implemented)
8/5/2025 12:43:12 PM	 INFO	 Max players set to 2000 from database
8/5/2025 12:43:12 PM	 INFO	 Starting gold set to 20999 from database
8/5/2025 12:43:12 PM	 INFO	 Shop prices set to normal from database
8/5/2025 12:43:12 PM	 INFO	 Registration enabled from database
8/5/2025 12:43:12 PM	 INFO	 Starting world
8/5/2025 12:43:12 PM	 DEBUG	 Loading game map
8/5/2025 12:43:14 PM	 INFO	 World ready: Visit http://localhost:8888/rs2.cgi
Packing server cache (1/2)
Compiling server scripts
Packed server cache (1/2)
Packing client cache (2/2)
Packed client cache (2/2)
Updating hiscores cache...
Hiscores cache updated with 2 players
Updating hiscores cache...
Hiscores cache updated with 2 players
12:45:23 PM [tsx] change in ./src/website/server.ts Restarting...
8/5/2025 12:45:24 PM	 INFO	 Server shutdown complete
Updating hiscores cache...
Hiscores cache updated with 2 players
8/5/2025 12:45:25 PM	 DEBUG	 Checking for compiler update
8/5/2025 12:45:25 PM	 DEBUG	 Compiler is up to date
8/5/2025 12:45:25 PM	 INFO	 XP Rate set to 10x from database
8/5/2025 12:45:25 PM	 INFO	 Drop Rate setting loaded: 10x (not yet implemented)
8/5/2025 12:45:25 PM	 INFO	 Max players set to 2000 from database
8/5/2025 12:45:25 PM	 INFO	 Starting gold set to 20999 from database
8/5/2025 12:45:25 PM	 INFO	 Shop prices set to normal from database
8/5/2025 12:45:25 PM	 INFO	 Registration enabled from database
8/5/2025 12:45:25 PM	 INFO	 Starting world
8/5/2025 12:45:26 PM	 DEBUG	 Loading game map
8/5/2025 12:45:27 PM	 INFO	 World ready: Visit http://localhost:8888/rs2.cgi
Packing server cache (1/2)
Compiling server scripts
Packed server cache (1/2)
Packing client cache (2/2)
Packed client cache (2/2)
12:45:56 PM [tsx] change in ./src/website/server.ts Restarting...
8/5/2025 12:45:56 PM	 INFO	 Server shutdown complete
Updating hiscores cache...
Hiscores cache updated with 2 players
8/5/2025 12:45:58 PM	 DEBUG	 Checking for compiler update
8/5/2025 12:45:58 PM	 DEBUG	 Compiler is up to date
8/5/2025 12:45:58 PM	 INFO	 XP Rate set to 10x from database
8/5/2025 12:45:58 PM	 INFO	 Drop Rate setting loaded: 10x (not yet implemented)
8/5/2025 12:45:58 PM	 INFO	 Max players set to 2000 from database
8/5/2025 12:45:58 PM	 INFO	 Starting gold set to 20999 from database
8/5/2025 12:45:58 PM	 INFO	 Shop prices set to normal from database
8/5/2025 12:45:58 PM	 INFO	 Registration enabled from database
8/5/2025 12:45:58 PM	 INFO	 Starting world
8/5/2025 12:45:58 PM	 DEBUG	 Loading game map
8/5/2025 12:45:59 PM	 INFO	 World ready: Visit http://localhost:8888/rs2.cgi
Packing server cache (1/2)
Compiling server scripts
Packed server cache (1/2)
Packing client cache (2/2)
Packed client cache (2/2)
12:46:08 PM [tsx] change in ./src/website/server.ts Restarting...
8/5/2025 12:46:08 PM	 INFO	 Server shutdown complete
Updating hiscores cache...
Hiscores cache updated with 2 players
8/5/2025 12:46:09 PM	 DEBUG	 Checking for compiler update
8/5/2025 12:46:10 PM	 DEBUG	 Compiler is up to date
8/5/2025 12:46:10 PM	 INFO	 XP Rate set to 10x from database
8/5/2025 12:46:10 PM	 INFO	 Drop Rate setting loaded: 10x (not yet implemented)
8/5/2025 12:46:10 PM	 INFO	 Max players set to 2000 from database
8/5/2025 12:46:10 PM	 INFO	 Starting gold set to 20999 from database
8/5/2025 12:46:10 PM	 INFO	 Shop prices set to normal from database
8/5/2025 12:46:10 PM	 INFO	 Registration enabled from database
8/5/2025 12:46:10 PM	 INFO	 Starting world
8/5/2025 12:46:10 PM	 DEBUG	 Loading game map
8/5/2025 12:46:11 PM	 INFO	 World ready: Visit http://localhost:8888/rs2.cgi
Packing server cache (1/2)
Compiling server scripts
Packed server cache (1/2)
Packing client cache (2/2)
Packed client cache (2/2)
Updating hiscores cache...
Hiscores cache updated with 2 players
Updating hiscores cache...
Hiscores cache updated with 2 players
Updating hiscores cache...
Hiscores cache updated with 2 players
Updating hiscores cache...
Hiscores cache updated with 2 players
Updating hiscores cache...
Hiscores cache updated with 2 players
